     1                                  %include "io.inc"
     1                              <1> %macro mPuts 0
     2                              <1>     sub     rsp, 8
     3                              <1>     call    puts 
     4                              <1>     add     rsp, 8
     5                              <1> %endmacro
     6                              <1> 
     7                              <1> %macro get_input 0
     8                              <1>     sub     rsp, 8
     9                              <1>     call    gets 
    10                              <1>     add     rsp, 8
    11                              <1> %endmacro
    12                              <1> 
    13                              <1> extern puts
    14                              <1> extern gets
     2                                  
     3                                  global main
     4                                  
     5                                  section .data
     6                                      matrix:
     7 00000000 202020202020202020-             db      "            ╔═══╦═══╦═══╗", 10
     7 00000009 202020E29594E29590-
     7 00000012 E29590E29590E295A6-
     7 0000001B E29590E29590E29590-
     7 00000024 E295A6E29590E29590-
     7 0000002D E29590E295970A     
     8 00000034 202020202020202020-             db      "            ║ O ║ O ║ O ║", 10
     8 0000003D 202020E29591204F20-
     8 00000046 E29591204F20E29591-
     8 0000004F 204F20E295910A     
     9 00000056 202020202020202020-             db      "            ╠═══╬═══╬═══╣", 10
     9 0000005F 202020E295A0E29590-
     9 00000068 E29590E29590E295AC-
     9 00000071 E29590E29590E29590-
     9 0000007A E295ACE29590E29590-
     9 00000083 E29590E295A30A     
    10 0000008A 202020202020202020-             db      "            ║ O ║ O ║ O ║", 10
    10 00000093 202020E29591204F20-
    10 0000009C E29591204F20E29591-
    10 000000A5 204F20E295910A     
    11 000000AC E29594E29590E29590-             db      "╔═══╦═══╦═══╬═══╬═══╬═══╬═══╦═══╦═══╗", 10
    11 000000B5 E29590E295A6E29590-
    11 000000BE E29590E29590E295A6-
    11 000000C7 E29590E29590E29590-
    11 000000D0 E295ACE29590E29590-
    11 000000D9 E29590E295ACE29590-
    11 000000E2 E29590E29590E295AC-
    11 000000EB E29590E29590E29590-
    11 000000F4 E295ACE29590E29590-
    11 000000FD E29590E295A6E29590-
    11 00000106 E29590E29590E295A6-
    11 0000010F E29590E29590E29590-
    11 00000118 E295970A           
    12 0000011C E29591204F20E29591-             db      "║ O ║ O ║ O ║ O ║ O ║ O ║ O ║ O ║ O ║", 10
    12 00000125 204F20E29591204F20-
    12 0000012E E29591204F20E29591-
    12 00000137 204F20E29591204F20-
    12 00000140 E29591204F20E29591-
    12 00000149 204F20E29591204F20-
    12 00000152 E295910A           
    13 00000156 E295A0E29590E29590-             db      "╠═══╬═══╬═══╬═══╬═══╬═══╬═══╬═══╬═══╣", 10
    13 0000015F E29590E295ACE29590-
    13 00000168 E29590E29590E295AC-
    13 00000171 E29590E29590E29590-
    13 0000017A E295ACE29590E29590-
    13 00000183 E29590E295ACE29590-
    13 0000018C E29590E29590E295AC-
    13 00000195 E29590E29590E29590-
    13 0000019E E295ACE29590E29590-
    13 000001A7 E29590E295ACE29590-
    13 000001B0 E29590E29590E295AC-
    13 000001B9 E29590E29590E29590-
    13 000001C2 E295A30A           
    14 000001C6 E29591204F20E29591-             db      "║ O ║   ║   ║   ║ x ║   ║   ║   ║ O ║", 10
    14 000001CF 202020E29591202020-
    14 000001D8 E29591202020E29591-
    14 000001E1 207820E29591202020-
    14 000001EA E29591202020E29591-
    14 000001F3 202020E29591204F20-
    14 000001FC E295910A           
    15 00000200 E295A0E29590E29590-             db      "╠═══╬═══╬═══╬═══╬═══╬═══╬═══╬═══╬═══╣", 10
    15 00000209 E29590E295ACE29590-
    15 00000212 E29590E29590E295AC-
    15 0000021B E29590E29590E29590-
    15 00000224 E295ACE29590E29590-
    15 0000022D E29590E295ACE29590-
    15 00000236 E29590E29590E295AC-
    15 0000023F E29590E29590E29590-
    15 00000248 E295ACE29590E29590-
    15 00000251 E29590E295ACE29590-
    15 0000025A E29590E29590E295AC-
    15 00000263 E29590E29590E29590-
    15 0000026C E295A30A           
    16 00000270 E29591204F20E29591-             db      "║ O ║   ║   ║   ║   ║   ║   ║   ║ O ║", 10
    16 00000279 202020E29591202020-
    16 00000282 E29591202020E29591-
    16 0000028B 202020E29591202020-
    16 00000294 E29591202020E29591-
    16 0000029D 202020E29591204F20-
    16 000002A6 E295910A           
    17 000002AA E2959AE29590E29590-             db      "╚═══╩═══╩═══╬═══╬═══╬═══╬═══╩═══╩═══╝", 10
    17 000002B3 E29590E295A9E29590-
    17 000002BC E29590E29590E295A9-
    17 000002C5 E29590E29590E29590-
    17 000002CE E295ACE29590E29590-
    17 000002D7 E29590E295ACE29590-
    17 000002E0 E29590E29590E295AC-
    17 000002E9 E29590E29590E29590-
    17 000002F2 E295ACE29590E29590-
    17 000002FB E29590E295A9E29590-
    17 00000304 E29590E29590E295A9-
    17 0000030D E29590E29590E29590-
    17 00000316 E2959D0A           
    18 0000031A 202020202020202020-             db      "            ║   ║   ║   ║", 10
    18 00000323 202020E29591202020-
    18 0000032C E29591202020E29591-
    18 00000335 202020E295910A     
    19 0000033C 202020202020202020-             db      "            ╠═══╬═══╬═══╣", 10
    19 00000345 202020E295A0E29590-
    19 0000034E E29590E29590E295AC-
    19 00000357 E29590E29590E29590-
    19 00000360 E295ACE29590E29590-
    19 00000369 E29590E295A30A     
    20 00000370 202020202020202020-             db      "            ║   ║   ║   ║", 10
    20 00000379 202020E29591202020-
    20 00000382 E29591202020E29591-
    20 0000038B 202020E295910A     
    21 00000392 202020202020202020-             db      "            ╚═══╩═══╩═══╝", 10, 0
    21 0000039B 202020E2959AE29590-
    21 000003A4 E29590E29590E295A9-
    21 000003AD E29590E29590E29590-
    21 000003B6 E295A9E29590E29590-
    21 000003BF E29590E2959D0A00   
    22                                  
    23                                      title:
    24 000003C7 202020202020202020-             db      "           ______  ____       _                   _____",10
    24 000003D0 20205F5F5F5F5F5F20-
    24 000003D9 205F5F5F5F20202020-
    24 000003E2 2020205F2020202020-
    24 000003EB 202020202020202020-
    24 000003F4 20202020205F5F5F5F-
    24 000003FD 5F0A               
    25 000003FF 202020202020202020-             db      "          /\__  _\/\  _`\   /' \                 /\  __`\",10
    25 00000408 202F5C5F5F20205F5C-
    25 00000411 2F5C20205F605C2020-
    25 0000041A 202F27205C20202020-
    25 00000423 202020202020202020-
    25 0000042C 202020202F5C20205F-
    25 00000435 5F605C0A           
    26 00000439 202020202020202020-             db      "          \/_/\ \/\ \ \L\ \/\_, \                \ \ \/\ \  _ __    __      __",10
    26 00000442 205C2F5F2F5C205C2F-
    26 0000044B 5C205C205C4C5C205C-
    26 00000454 2F5C5F2C205C202020-
    26 0000045D 202020202020202020-
    26 00000466 202020205C205C205C-
    26 0000046F 2F5C205C20205F205F-
    26 00000478 5F202020205F5F2020-
    26 00000481 202020205F5F0A     
    27 00000488 202020202020202020-             db      "             \ \ \ \ \ ,__/\/_/\ \      _______   \ \ \ \ \/\`'__\/'_ `\  /'__`\",10
    27 00000491 202020205C205C205C-
    27 0000049A 205C205C202C5F5F2F-
    27 000004A3 5C2F5F2F5C205C2020-
    27 000004AC 202020205F5F5F5F5F-
    27 000004B5 5F5F2020205C205C20-
    27 000004BE 5C205C205C2F5C6027-
    27 000004C7 5F5F5C2F275F20605C-
    27 000004D0 20202F275F5F605C0A 
    28 000004D9 202020202020202020-             db      "              \ \ \ \ \ \/    \ \ \    /\______\   \ \ \_\ \ \ \//\ \L\ \/\ \L\.\_",10
    28 000004E2 20202020205C205C20-
    28 000004EB 5C205C205C205C2F20-
    28 000004F4 2020205C205C205C20-
    28 000004FD 2020202F5C5F5F5F5F-
    28 00000506 5F5F5C2020205C205C-
    28 0000050F 205C5F5C205C205C20-
    28 00000518 5C2F2F5C205C4C5C20-
    28 00000521 5C2F5C205C4C5C2E5C-
    28 0000052A 5F0A               
    29 0000052C 202020202020202020-             db      "               \ \_\ \ \_\     \ \_\   \/______/    \ \_____\ \_\\ \____ \ \__/.\_\",10
    29 00000535 2020202020205C205C-
    29 0000053E 5F5C205C205C5F5C20-
    29 00000547 202020205C205C5F5C-
    29 00000550 2020205C2F5F5F5F5F-
    29 00000559 5F5F2F202020205C20-
    29 00000562 5C5F5F5F5F5F5C205C-
    29 0000056B 5F5C5C205C5F5F5F5F-
    29 00000574 205C205C5F5F2F2E5C-
    29 0000057D 5F5C0A             
    30 00000580 202020202020202020-             db      "                \/_/  \/_/      \/_/                 \/_____/\/_/ \/___L\ \/__/\/_/",10
    30 00000589 202020202020205C2F-
    30 00000592 5F2F20205C2F5F2F20-
    30 0000059B 20202020205C2F5F2F-
    30 000005A4 202020202020202020-
    30 000005AD 20202020202020205C-
    30 000005B6 2F5F5F5F5F5F2F5C2F-
    30 000005BF 5F2F205C2F5F5F5F4C-
    30 000005C8 5C205C2F5F5F2F5C2F-
    30 000005D1 5F2F0A             
    31 000005D4 202020202020202020-             db      "                                                                    /\____/",10
    31 000005DD 202020202020202020-
    31 000005E6 202020202020202020-
    31 000005EF 202020202020202020-
    31 000005F8 202020202020202020-
    31 00000601 202020202020202020-
    31 0000060A 202020202020202020-
    31 00000613 20202020202F5C5F5F-
    31 0000061C 5F5F2F0A           
    32 00000620 202020202020202020-             db      "                                                                    \_/__/",10
    32 00000629 202020202020202020-
    32 00000632 202020202020202020-
    32 0000063B 202020202020202020-
    32 00000644 202020202020202020-
    32 0000064D 202020202020202020-
    32 00000656 202020202020202020-
    32 0000065F 20202020205C5F2F5F-
    32 00000668 5F2F0A             
    33 0000066B 205F5F5F5F5F5F2020-             db      " ______  _   ______                                    _                ____",10
    33 00000674 5F2020205F5F5F5F5F-
    33 0000067D 5F2020202020202020-
    33 00000686 202020202020202020-
    33 0000068F 202020202020202020-
    33 00000698 202020202020202020-
    33 000006A1 205F20202020202020-
    33 000006AA 202020202020202020-
    33 000006B3 5F5F5F5F0A         
    34 000006B8 7C20205F5F5F5F7C7C-             db      "|  ____|| | |___  /                                   | |              / __ \",10
    34 000006C1 207C207C5F5F5F2020-
    34 000006CA 2F2020202020202020-
    34 000006D3 202020202020202020-
    34 000006DC 202020202020202020-
    34 000006E5 202020202020202020-
    34 000006EE 7C207C202020202020-
    34 000006F7 20202020202020202F-
    34 00000700 205F5F205C0A       
    35 00000706 7C207C5F5F2020207C-             db      "| |__   | |    / /   ___   _ __  _ __   ___    _   _  | |  __ _  ___  | |  | |  ___   __ _  ___ ",10
    35 0000070F 207C202020202F202F-
    35 00000718 2020205F5F5F202020-
    35 00000721 5F205F5F20205F205F-
    35 0000072A 5F2020205F5F5F2020-
    35 00000733 20205F2020205F2020-
    35 0000073C 7C207C20205F5F205F-
    35 00000745 20205F5F5F20207C20-
    35 0000074E 7C20207C207C20205F-
    35 00000757 5F5F2020205F5F205F-
    35 00000760 20205F5F5F200A     
    36 00000767 7C20205F5F7C20207C-             db      "|  __|  | |   / /   / _ \ | '__|| '__| / _ \  | | | | | | / _` |/ __| | |  | | / __| / _` |/ __|",10
    36 00000770 207C2020202F202F20-
    36 00000779 20202F205F205C207C-
    36 00000782 20275F5F7C7C20275F-
    36 0000078B 5F7C202F205F205C20-
    36 00000794 207C207C207C207C20-
    36 0000079D 7C207C202F205F6020-
    36 000007A6 7C2F205F5F7C207C20-
    36 000007AF 7C20207C207C202F20-
    36 000007B8 5F5F7C202F205F6020-
    36 000007C1 7C2F205F5F7C0A     
    37 000007C8 7C207C5F5F5F5F207C-             db      "| |____ | |  / /__ | (_) || |   | |   | (_) | | |_| | | || (_| |\__ \ | |__| || (__ | (_| |\__ \",10
    37 000007D1 207C20202F202F5F5F-
    37 000007DA 207C20285F29207C7C-
    37 000007E3 207C2020207C207C20-
    37 000007EC 20207C20285F29207C-
    37 000007F5 207C207C5F7C207C20-
    37 000007FE 7C207C7C20285F7C20-
    37 00000807 7C5C5F5F205C207C20-
    37 00000810 7C5F5F7C207C7C2028-
    37 00000819 5F5F207C20285F7C20-
    37 00000822 7C5C5F5F205C0A     
    38 00000829 7C5F5F5F5F5F5F7C7C-             db      "|______||_| /_____| \___/ |_|   |_|    \___/   \__, | |_| \__,_||___/  \____/  \___| \__,_||___/",10
    38 00000832 5F7C202F5F5F5F5F5F-
    38 0000083B 7C205C5F5F5F2F207C-
    38 00000844 5F7C2020207C5F7C20-
    38 0000084D 2020205C5F5F5F2F20-
    38 00000856 20205C5F5F2C207C20-
    38 0000085F 7C5F7C205C5F5F2C5F-
    38 00000868 7C7C5F5F5F2F20205C-
    38 00000871 5F5F5F5F2F20205C5F-
    38 0000087A 5F5F7C205C5F5F2C5F-
    38 00000883 7C7C5F5F5F2F0A     
    39 0000088A 202020202020202020-             db      "                                                __/ |",10
    39 00000893 202020202020202020-
    39 0000089C 202020202020202020-
    39 000008A5 202020202020202020-
    39 000008AE 202020202020202020-
    39 000008B7 2020205F5F2F207C0A 
    40 000008C0 202020202020202020-             db      "                                               |___/",10
    40 000008C9 202020202020202020-
    40 000008D2 202020202020202020-
    40 000008DB 202020202020202020-
    40 000008E4 202020202020202020-
    40 000008ED 20207C5F5F5F2F0A   
    41 000008F5 0A                              db      10
    42 000008F6 202020202020202020-             db      "                                     ESCRIBE START PARA EMPEZAR",10,0
    42 000008FF 202020202020202020-
    42 00000908 202020202020202020-
    42 00000911 202020202020202020-
    42 0000091A 204553435249424520-
    42 00000923 535441525420504152-
    42 0000092C 4120454D50455A4152-
    42 00000935 0A00               
    43                                  
    44                                  section .text
    45                                  
    46                                  main:
    47 00000000 48BF-                       mov     rdi, title
    47 00000002 [C703000000000000] 
    48                                      mPuts
     2 0000000A 4883EC08            <1>  sub rsp, 8
     3 0000000E E8(00000000)        <1>  call puts
     4 00000013 4883C408            <1>  add rsp, 8
    49 00000017 C3                          ret
